  Assimp.cpp
  Game.cpp
C:\Program Files (x86)\Windows Kits\10\Include\10.0.18362.0\shared\minwindef.h(130,1): warning C4005: 'APIENTRY': macro redefinition
D:\VEGA\Vega - Year 3 Semester 2\Game Development 3B\Assignment Work\GADE3B-Task\OpenGLDemo\Dependencies\GLAD\include\glad\glad.h(32): message : see previous definition of 'APIENTRY'
D:\VEGA\Vega - Year 3 Semester 2\Game Development 3B\Assignment Work\GADE3B-Task\OpenGLDemo\OpenGLDemo\Model.h(40,1): warning C4316: 'Mesh': object allocated on the heap may not be aligned 16
D:\VEGA\Vega - Year 3 Semester 2\Game Development 3B\Assignment Work\GADE3B-Task\OpenGLDemo\OpenGLDemo\Model.h(70,1): warning C4316: 'Mesh': object allocated on the heap may not be aligned 16
D:\VEGA\Vega - Year 3 Semester 2\Game Development 3B\Assignment Work\GADE3B-Task\OpenGLDemo\OpenGLDemo\Game.cpp(373,5): warning C4316: 'Mesh': object allocated on the heap may not be aligned 16
D:\VEGA\Vega - Year 3 Semester 2\Game Development 3B\Assignment Work\GADE3B-Task\OpenGLDemo\OpenGLDemo\Game.cpp(768,24): warning C4244: '=': conversion from 'double' to 'int', possible loss of data
D:\VEGA\Vega - Year 3 Semester 2\Game Development 3B\Assignment Work\GADE3B-Task\OpenGLDemo\OpenGLDemo\Game.cpp(807,25): warning C4101: 'yRot': unreferenced local variable
D:\VEGA\Vega - Year 3 Semester 2\Game Development 3B\Assignment Work\GADE3B-Task\OpenGLDemo\OpenGLDemo\Game.cpp(807,31): warning C4101: 'zRot': unreferenced local variable
D:\VEGA\Vega - Year 3 Semester 2\Game Development 3B\Assignment Work\GADE3B-Task\OpenGLDemo\OpenGLDemo\Game.cpp(807,19): warning C4101: 'xRot': unreferenced local variable
  OpenGLDemo.cpp
C:\Program Files (x86)\Windows Kits\10\Include\10.0.18362.0\shared\minwindef.h(130,1): warning C4005: 'APIENTRY': macro redefinition
D:\VEGA\Vega - Year 3 Semester 2\Game Development 3B\Assignment Work\GADE3B-Task\OpenGLDemo\Dependencies\GLAD\include\glad\glad.h(32): message : see previous definition of 'APIENTRY'
D:\VEGA\Vega - Year 3 Semester 2\Game Development 3B\Assignment Work\GADE3B-Task\OpenGLDemo\OpenGLDemo\Model.h(40,1): warning C4316: 'Mesh': object allocated on the heap may not be aligned 16
D:\VEGA\Vega - Year 3 Semester 2\Game Development 3B\Assignment Work\GADE3B-Task\OpenGLDemo\OpenGLDemo\Model.h(70,1): warning C4316: 'Mesh': object allocated on the heap may not be aligned 16
  ShadowMapFBO.cpp
  Generating Code...
D:\VEGA\Vega - Year 3 Semester 2\Game Development 3B\Assignment Work\GADE3B-Task\OpenGLDemo\OpenGLDemo\Game.cpp(309): warning C4715: 'Game::ObjTex': not all control paths return a value
  glad.c
  OpenGLDemo.vcxproj -> D:\VEGA\Vega - Year 3 Semester 2\Game Development 3B\Assignment Work\GADE3B-Task\OpenGLDemo\Debug\OpenGLDemo.exe
