c:\users\ashju\source\repos\opengldemo\opengldemo\debug\vc142.pdb
c:\users\ashju\source\repos\opengldemo\opengldemo\debug\vc142.idb
c:\users\ashju\source\repos\opengldemo\opengldemo\debug\opengldemo.obj
c:\users\ashju\source\repos\opengldemo\debug\opengldemo.pdb
c:\users\ashju\source\repos\opengldemo\opengldemo\debug\opengldemo.tlog\cl.command.1.tlog
c:\users\ashju\source\repos\opengldemo\opengldemo\debug\opengldemo.tlog\cl.read.1.tlog
c:\users\ashju\source\repos\opengldemo\opengldemo\debug\opengldemo.tlog\cl.write.1.tlog
c:\users\ashju\source\repos\opengldemo\opengldemo\debug\opengldemo.tlog\link-cvtres.read.1.tlog
c:\users\ashju\source\repos\opengldemo\opengldemo\debug\opengldemo.tlog\link-cvtres.write.1.tlog
c:\users\ashju\source\repos\opengldemo\opengldemo\debug\opengldemo.tlog\link-rc.read.1.tlog
c:\users\ashju\source\repos\opengldemo\opengldemo\debug\opengldemo.tlog\link-rc.write.1.tlog
c:\users\ashju\source\repos\opengldemo\opengldemo\debug\opengldemo.tlog\link.17528-cvtres.read.1.tlog
c:\users\ashju\source\repos\opengldemo\opengldemo\debug\opengldemo.tlog\link.17528-cvtres.write.1.tlog
c:\users\ashju\source\repos\opengldemo\opengldemo\debug\opengldemo.tlog\link.17528-rc.read.1.tlog
c:\users\ashju\source\repos\opengldemo\opengldemo\debug\opengldemo.tlog\link.17528-rc.write.1.tlog
c:\users\ashju\source\repos\opengldemo\opengldemo\debug\opengldemo.tlog\link.17528.read.1.tlog
c:\users\ashju\source\repos\opengldemo\opengldemo\debug\opengldemo.tlog\link.17528.write.1.tlog
c:\users\ashju\source\repos\opengldemo\opengldemo\debug\opengldemo.tlog\link.command.1.tlog
c:\users\ashju\source\repos\opengldemo\opengldemo\debug\opengldemo.tlog\link.read.1.tlog
c:\users\ashju\source\repos\opengldemo\opengldemo\debug\opengldemo.tlog\link.write.1.tlog
