The system is: Windows - 10.0.18362 - AMD64
Compiling the C compiler identification source file "CMakeCCompilerId.c" succeeded.
Compiler: D:/Programs/Microsoft Visual Studio/2019/Community/VC/Tools/MSVC/14.27.29110/bin/Hostx64/x64/cl.exe 
Build flags: 
Id flags:  

The output was:
0
Microsoft (R) C/C++ Optimizing Compiler Version 19.27.29111 for x64
Copyright (C) Microsoft Corporation.  All rights reserved.

CMakeCCompilerId.c
Microsoft (R) Incremental Linker Version 14.27.29111.0
Copyright (C) Microsoft Corporation.  All rights reserved.

/out:CMakeCCompilerId.exe 
CMakeCCompilerId.obj 


Compilation of the C compiler identification source "CMakeCCompilerId.c" produced "CMakeCCompilerId.exe"

Compilation of the C compiler identification source "CMakeCCompilerId.c" produced "CMakeCCompilerId.obj"

The C compiler identification is MSVC, found in "D:/VEGA/Vega - Year 3 Semester 2/Game Development 3B/Assignment Work/GADE3B-Task/OpenGLDemo/Dependencies/GLM/out/build/x64-Debug (default)/CMakeFiles/3.17.20032601-MSVC_2/CompilerIdC/CMakeCCompilerId.exe"

Compiling the CXX compiler identification source file "CMakeCXXCompilerId.cpp" succeeded.
Compiler: D:/Programs/Microsoft Visual Studio/2019/Community/VC/Tools/MSVC/14.27.29110/bin/Hostx64/x64/cl.exe 
Build flags: 
Id flags:  

The output was:
0
Microsoft (R) C/C++ Optimizing Compiler Version 19.27.29111 for x64
Copyright (C) Microsoft Corporation.  All rights reserved.

CMakeCXXCompilerId.cpp
Microsoft (R) Incremental Linker Version 14.27.29111.0
Copyright (C) Microsoft Corporation.  All rights reserved.

/out:CMakeCXXCompilerId.exe 
CMakeCXXCompilerId.obj 


Compilation of the CXX compiler identification source "CMakeCXXCompilerId.cpp" produced "CMakeCXXCompilerId.exe"

Compilation of the CXX compiler identification source "CMakeCXXCompilerId.cpp" produced "CMakeCXXCompilerId.obj"

The CXX compiler identification is MSVC, found in "D:/VEGA/Vega - Year 3 Semester 2/Game Development 3B/Assignment Work/GADE3B-Task/OpenGLDemo/Dependencies/GLM/out/build/x64-Debug (default)/CMakeFiles/3.17.20032601-MSVC_2/CompilerIdCXX/CMakeCXXCompilerId.exe"

The system is: Windows - 10.0.18362 - AMD64
Compiling the C compiler identification source file "CMakeCCompilerId.c" succeeded.
Compiler: D:/Programs/Microsoft Visual Studio/2019/Community/VC/Tools/MSVC/14.27.29110/bin/Hostx64/x64/cl.exe 
Build flags: 
Id flags:  

The output was:
0
Microsoft (R) C/C++ Optimizing Compiler Version 19.27.29111 for x64
Copyright (C) Microsoft Corporation.  All rights reserved.

CMakeCCompilerId.c
Microsoft (R) Incremental Linker Version 14.27.29111.0
Copyright (C) Microsoft Corporation.  All rights reserved.

/out:CMakeCCompilerId.exe 
CMakeCCompilerId.obj 


Compilation of the C compiler identification source "CMakeCCompilerId.c" produced "CMakeCCompilerId.exe"

Compilation of the C compiler identification source "CMakeCCompilerId.c" produced "CMakeCCompilerId.obj"

The C compiler identification is MSVC, found in "D:/VEGA/Vega - Year 3 Semester 2/Game Development 3B/Assignment Work/GADE3B-Task/OpenGLDemo/Dependencies/GLM/out/build/x64-Debug (default)/CMakeFiles/3.17.20032601-MSVC_2/CompilerIdC/CMakeCCompilerId.exe"

Compiling the CXX compiler identification source file "CMakeCXXCompilerId.cpp" succeeded.
Compiler: D:/Programs/Microsoft Visual Studio/2019/Community/VC/Tools/MSVC/14.27.29110/bin/Hostx64/x64/cl.exe 
Build flags: 
Id flags:  

The output was:
0
Microsoft (R) C/C++ Optimizing Compiler Version 19.27.29111 for x64
Copyright (C) Microsoft Corporation.  All rights reserved.

CMakeCXXCompilerId.cpp
Microsoft (R) Incremental Linker Version 14.27.29111.0
Copyright (C) Microsoft Corporation.  All rights reserved.

/out:CMakeCXXCompilerId.exe 
CMakeCXXCompilerId.obj 


Compilation of the CXX compiler identification source "CMakeCXXCompilerId.cpp" produced "CMakeCXXCompilerId.exe"

Compilation of the CXX compiler identification source "CMakeCXXCompilerId.cpp" produced "CMakeCXXCompilerId.obj"

The CXX compiler identification is MSVC, found in "D:/VEGA/Vega - Year 3 Semester 2/Game Development 3B/Assignment Work/GADE3B-Task/OpenGLDemo/Dependencies/GLM/out/build/x64-Debug (default)/CMakeFiles/3.17.20032601-MSVC_2/CompilerIdCXX/CMakeCXXCompilerId.exe"

Determining if the C compiler works passed with the following output:
Change Dir: D:/VEGA/Vega - Year 3 Semester 2/Game Development 3B/Assignment Work/GADE3B-Task/OpenGLDemo/Dependencies/GLM/out/build/x64-Debug (default)/CMakeFiles/CMakeTmp

Run Build Command(s):D:/Programs/Microsoft Visual Studio/2019/Community/Common7/IDE/CommonExtensions/Microsoft/CMake/Ninja/ninja.exe cmTC_79d63 && [1/2] Building C object CMakeFiles\cmTC_79d63.dir\testCCompiler.c.obj
[2/2] Linking C executable cmTC_79d63.exe



Detecting C compiler ABI info compiled with the following output:
Change Dir: D:/VEGA/Vega - Year 3 Semester 2/Game Development 3B/Assignment Work/GADE3B-Task/OpenGLDemo/Dependencies/GLM/out/build/x64-Debug (default)/CMakeFiles/CMakeTmp

Run Build Command(s):D:/Programs/Microsoft Visual Studio/2019/Community/Common7/IDE/CommonExtensions/Microsoft/CMake/Ninja/ninja.exe cmTC_7f33b && [1/2] Building C object CMakeFiles\cmTC_7f33b.dir\CMakeCCompilerABI.c.obj
[2/2] Linking C executable cmTC_7f33b.exe



Determining if the CXX compiler works passed with the following output:
Change Dir: D:/VEGA/Vega - Year 3 Semester 2/Game Development 3B/Assignment Work/GADE3B-Task/OpenGLDemo/Dependencies/GLM/out/build/x64-Debug (default)/CMakeFiles/CMakeTmp

Run Build Command(s):D:/Programs/Microsoft Visual Studio/2019/Community/Common7/IDE/CommonExtensions/Microsoft/CMake/Ninja/ninja.exe cmTC_f3fd0 && [1/2] Building CXX object CMakeFiles\cmTC_f3fd0.dir\testCXXCompiler.cxx.obj
[2/2] Linking CXX executable cmTC_f3fd0.exe



Detecting CXX compiler ABI info compiled with the following output:
Change Dir: D:/VEGA/Vega - Year 3 Semester 2/Game Development 3B/Assignment Work/GADE3B-Task/OpenGLDemo/Dependencies/GLM/out/build/x64-Debug (default)/CMakeFiles/CMakeTmp

Run Build Command(s):D:/Programs/Microsoft Visual Studio/2019/Community/Common7/IDE/CommonExtensions/Microsoft/CMake/Ninja/ninja.exe cmTC_a276a && [1/2] Building CXX object CMakeFiles\cmTC_a276a.dir\CMakeCXXCompilerABI.cpp.obj
[2/2] Linking CXX executable cmTC_a276a.exe



